# JRE version: Java(TM) SE Runtime Environment (8.0_121-b13) (build 1.8.0_121-b13)
# Java VM: Java HotSpot(TM) 64-Bit Server VM (25.121-b13 mixed mode windows-amd64 compressed oops)
Heap:
 PSYoungGen      total 32768K, used 10043K [0x00000000dba00000, 0x00000000dde80000, 0x0000000100000000)
  eden space 28160K, 19% used [0x00000000dba00000,0x00000000dbf52aa0,0x00000000dd580000)
  from space 4608K, 99% used [0x00000000dda00000,0x00000000dde7c440,0x00000000dde80000)
  to   space 4608K, 0% used [0x00000000dd580000,0x00000000dd580000,0x00000000dda00000)
 ParOldGen       total 75264K, used 4195K [0x0000000092e00000, 0x0000000097780000, 0x00000000dba00000)
  object space 75264K, 5% used [0x0000000092e00000,0x0000000093218f48,0x0000000097780000)
 Metaspace       used 19846K, capacity 20178K, committed 20480K, reserved 1067008K
  class space    used 2348K, capacity 2467K, committed 2560K, reserved 1048576K
GC Heap History (4 events):
Event: 2.992 GC heap before
{Heap before GC invocations=1 (full 0):
 PSYoungGen      total 32768K, used 28160K [0x00000000dba00000, 0x00000000dde80000, 0x0000000100000000)
  eden space 28160K, 100% used [0x00000000dba00000,0x00000000dd580000,0x00000000dd580000)
  from space 4608K, 0% used [0x00000000dda00000,0x00000000dda00000,0x00000000dde80000)
  to   space 4608K, 0% used [0x00000000dd580000,0x00000000dd580000,0x00000000dda00000)
 ParOldGen       total 75264K, used 0K [0x0000000092e00000, 0x0000000097780000, 0x00000000dba00000)
  object space 75264K, 0% used [0x0000000092e00000,0x0000000092e00000,0x0000000097780000)
 Metaspace       used 12961K, capacity 13224K, committed 13568K, reserved 1060864K
  class space    used 1641K, capacity 1732K, committed 1792K, reserved 1048576K
Event: 3.006 GC heap after
Heap after GC invocations=1 (full 0):
 PSYoungGen      total 32768K, used 4408K [0x00000000dba00000, 0x00000000dde80000, 0x0000000100000000)
  eden space 28160K, 0% used [0x00000000dba00000,0x00000000dba00000,0x00000000dd580000)
  from space 4608K, 95% used [0x00000000dd580000,0x00000000dd9ce1a0,0x00000000dda00000)
  to   space 4608K, 0% used [0x00000000dda00000,0x00000000dda00000,0x00000000dde80000)
 ParOldGen       total 75264K, used 39K [0x0000000092e00000, 0x0000000097780000, 0x00000000dba00000)
  object space 75264K, 0% used [0x0000000092e00000,0x0000000092e09c60,0x0000000097780000)
 Metaspace       used 12961K, capacity 13224K, committed 13568K, reserved 1060864K
  class space    used 1641K, capacity 1732K, committed 1792K, reserved 1048576K
}
Event: 7.495 GC heap before
{Heap before GC invocations=2 (full 0):
 PSYoungGen      total 32768K, used 32568K [0x00000000dba00000, 0x00000000dde80000, 0x0000000100000000)
  eden space 28160K, 100% used [0x00000000dba00000,0x00000000dd580000,0x00000000dd580000)
  from space 4608K, 95% used [0x00000000dd580000,0x00000000dd9ce1a0,0x00000000dda00000)
  to   space 4608K, 0% used [0x00000000dda00000,0x00000000dda00000,0x00000000dde80000)
 ParOldGen       total 75264K, used 39K [0x0000000092e00000, 0x0000000097780000, 0x00000000dba00000)
  object space 75264K, 0% used [0x0000000092e00000,0x0000000092e09c60,0x0000000097780000)
 Metaspace       used 19146K, capacity 19474K, committed 19840K, reserved 1067008K
  class space    used 2284K, capacity 2363K, committed 2432K, reserved 1048576K
Event: 7.524 GC heap after
Heap after GC invocations=2 (full 0):
 PSYoungGen      total 32768K, used 4593K [0x00000000dba00000, 0x00000000dde80000, 0x0000000100000000)
  eden space 28160K, 0% used [0x00000000dba00000,0x00000000dba00000,0x00000000dd580000)
  from space 4608K, 99% used [0x00000000dda00000,0x00000000dde7c440,0x00000000dde80000)
  to   space 4608K, 0% used [0x00000000dd580000,0x00000000dd580000,0x00000000dda00000)
 ParOldGen       total 75264K, used 4195K [0x0000000092e00000, 0x0000000097780000, 0x00000000dba00000)
  object space 75264K, 5% used [0x0000000092e00000,0x0000000093218f48,0x0000000097780000)
 Metaspace       used 19146K, capacity 19474K, committed 19840K, reserved 1067008K
  class space    used 2284K, capacity 2363K, committed 2432K, reserved 1048576K
}

